TN:
SF:controllers\auth.js
FN:3,(anonymous_0)
FN:12,(anonymous_1)
FN:14,(anonymous_2)
FN:29,(anonymous_3)
FN:44,(anonymous_4)
FN:56,(anonymous_5)
FN:69,(anonymous_6)
FN:83,(anonymous_7)
FN:98,(anonymous_8)
FN:112,(anonymous_9)
FNF:10
FNH:3
FNDA:11,(anonymous_0)
FNDA:11,(anonymous_1)
FNDA:11,(anonymous_2)
FNDA:0,(anonymous_3)
FNDA:0,(anonymous_4)
FNDA:0,(anonymous_5)
FNDA:0,(anonymous_6)
FNDA:0,(anonymous_7)
FNDA:0,(anonymous_8)
FNDA:0,(anonymous_9)
DA:1,1
DA:3,11
DA:12,11
DA:14,1
DA:15,11
DA:16,11
DA:22,11
DA:23,11
DA:25,0
DA:29,1
DA:30,0
DA:31,0
DA:37,0
DA:38,0
DA:40,0
DA:44,1
DA:45,0
DA:46,0
DA:50,0
DA:52,0
DA:56,1
DA:57,0
DA:58,0
DA:63,0
DA:65,0
DA:69,1
DA:70,0
DA:71,0
DA:76,0
DA:77,0
DA:79,0
DA:83,1
DA:84,0
DA:85,0
DA:91,0
DA:92,0
DA:94,0
DA:98,1
DA:99,0
DA:100,0
DA:105,0
DA:106,0
DA:108,0
DA:112,1
DA:113,0
DA:114,0
DA:115,0
DA:117,0
DA:121,1
LF:49
LH:16
BRDA:9,0,0,0
BRDA:9,0,1,11
BRDA:72,1,0,0
BRDA:72,1,1,0
BRDA:87,2,0,0
BRDA:87,2,1,0
BRF:6
BRH:1
end_of_record
TN:
SF:controllers\colaboradores.js
FN:3,(anonymous_0)
FN:16,(anonymous_1)
FN:25,(anonymous_2)
FN:34,(anonymous_3)
FN:48,(anonymous_4)
FNF:5
FNH:0
FNDA:0,(anonymous_0)
FNDA:0,(anonymous_1)
FNDA:0,(anonymous_2)
FNDA:0,(anonymous_3)
FNDA:0,(anonymous_4)
DA:1,1
DA:3,1
DA:4,0
DA:5,0
DA:6,0
DA:12,0
DA:16,1
DA:17,0
DA:18,0
DA:19,0
DA:21,0
DA:25,1
DA:26,0
DA:27,0
DA:28,0
DA:30,0
DA:34,1
DA:35,0
DA:36,0
DA:37,0
DA:42,0
DA:44,0
DA:48,1
DA:49,0
DA:50,0
DA:54,0
DA:56,0
DA:60,1
LF:28
LH:7
BRF:0
BRH:0
end_of_record
TN:
SF:controllers\comunidad.js
FN:3,(anonymous_0)
FN:12,(anonymous_1)
FN:21,(anonymous_2)
FN:34,(anonymous_3)
FN:48,(anonymous_4)
FNF:5
FNH:0
FNDA:0,(anonymous_0)
FNDA:0,(anonymous_1)
FNDA:0,(anonymous_2)
FNDA:0,(anonymous_3)
FNDA:0,(anonymous_4)
DA:1,1
DA:3,1
DA:4,0
DA:5,0
DA:6,0
DA:8,0
DA:12,1
DA:13,0
DA:14,0
DA:15,0
DA:17,0
DA:21,1
DA:22,0
DA:23,0
DA:28,0
DA:30,0
DA:34,1
DA:35,0
DA:36,0
DA:42,0
DA:44,0
DA:48,1
DA:49,0
DA:50,0
DA:55,0
DA:57,0
DA:61,1
LF:27
LH:7
BRF:0
BRH:0
end_of_record
TN:
SF:controllers\publicaciones.js
FN:3,(anonymous_0)
FN:12,(anonymous_1)
FN:25,(anonymous_2)
FN:34,(anonymous_3)
FN:48,(anonymous_4)
FN:61,(anonymous_5)
FN:76,(anonymous_6)
FN:90,(anonymous_7)
FN:99,(anonymous_8)
FN:108,(anonymous_9)
FN:117,(anonymous_10)
FN:132,(anonymous_11)
FNF:12
FNH:8
FNDA:4,(anonymous_0)
FNDA:0,(anonymous_1)
FNDA:1,(anonymous_2)
FNDA:1,(anonymous_3)
FNDA:2,(anonymous_4)
FNDA:0,(anonymous_5)
FNDA:2,(anonymous_6)
FNDA:1,(anonymous_7)
FNDA:0,(anonymous_8)
FNDA:1,(anonymous_9)
FNDA:1,(anonymous_10)
FNDA:0,(anonymous_11)
DA:1,1
DA:3,1
DA:4,4
DA:5,4
DA:6,4
DA:8,0
DA:12,1
DA:13,0
DA:14,0
DA:19,0
DA:21,0
DA:25,1
DA:26,1
DA:27,1
DA:28,1
DA:30,0
DA:34,1
DA:35,1
DA:36,1
DA:42,1
DA:44,0
DA:48,1
DA:49,2
DA:50,2
DA:55,1
DA:57,1
DA:61,1
DA:62,0
DA:63,0
DA:70,0
DA:72,0
DA:76,1
DA:77,2
DA:78,2
DA:84,1
DA:86,1
DA:90,1
DA:91,1
DA:92,1
DA:93,1
DA:95,0
DA:99,1
DA:100,0
DA:101,0
DA:102,0
DA:104,0
DA:108,1
DA:109,1
DA:110,1
DA:111,1
DA:113,0
DA:117,1
DA:118,1
DA:119,1
DA:126,1
DA:128,0
DA:132,1
DA:133,0
DA:134,0
DA:135,0
DA:139,0
DA:141,0
DA:145,1
LF:63
LH:40
BRF:0
BRH:0
end_of_record
TN:
SF:controllers\reclamos.js
FN:3,(anonymous_0)
FN:12,(anonymous_1)
FN:21,(anonymous_2)
FNF:3
FNH:0
FNDA:0,(anonymous_0)
FNDA:0,(anonymous_1)
FNDA:0,(anonymous_2)
DA:1,1
DA:3,1
DA:4,0
DA:5,0
DA:6,0
DA:8,0
DA:12,1
DA:13,0
DA:14,0
DA:15,0
DA:17,0
DA:21,1
DA:22,0
DA:23,0
DA:29,0
DA:31,0
DA:35,1
LF:17
LH:5
BRF:0
BRH:0
end_of_record
TN:
SF:controllers\usuarios.js
FN:3,(anonymous_0)
FN:12,(anonymous_1)
FN:21,(anonymous_2)
FN:36,(anonymous_3)
FN:49,(anonymous_4)
FN:63,(anonymous_5)
FN:77,(anonymous_6)
FN:90,(anonymous_7)
FN:102,(anonymous_8)
FN:114,(anonymous_9)
FN:123,(anonymous_10)
FN:136,(anonymous_11)
FNF:12
FNH:0
FNDA:0,(anonymous_0)
FNDA:0,(anonymous_1)
FNDA:0,(anonymous_2)
FNDA:0,(anonymous_3)
FNDA:0,(anonymous_4)
FNDA:0,(anonymous_5)
FNDA:0,(anonymous_6)
FNDA:0,(anonymous_7)
FNDA:0,(anonymous_8)
FNDA:0,(anonymous_9)
FNDA:0,(anonymous_10)
FNDA:0,(anonymous_11)
DA:1,1
DA:3,1
DA:4,0
DA:5,0
DA:6,0
DA:8,0
DA:12,1
DA:13,0
DA:14,0
DA:15,0
DA:17,0
DA:21,1
DA:22,0
DA:23,0
DA:30,0
DA:32,0
DA:36,1
DA:37,0
DA:38,0
DA:43,0
DA:45,0
DA:49,1
DA:50,0
DA:51,0
DA:57,0
DA:59,0
DA:63,1
DA:64,0
DA:65,0
DA:71,0
DA:73,0
DA:77,1
DA:78,0
DA:79,0
DA:84,0
DA:86,0
DA:90,1
DA:91,0
DA:92,0
DA:96,0
DA:98,0
DA:102,1
DA:103,0
DA:104,0
DA:108,0
DA:110,0
DA:114,1
DA:115,0
DA:116,0
DA:117,0
DA:119,0
DA:123,1
DA:124,0
DA:125,0
DA:130,0
DA:132,0
DA:136,1
DA:137,0
DA:138,0
DA:145,0
DA:147,0
DA:151,1
LF:62
LH:14
BRF:0
BRH:0
end_of_record
TN:
SF:helpers\AppError.js
FN:2,(anonymous_0)
FNF:1
FNH:1
FNDA:55,(anonymous_0)
DA:3,55
DA:4,55
DA:5,55
DA:6,55
DA:10,11
LF:5
LH:5
BRDA:2,0,0,45
BRDA:6,1,0,9
BRDA:6,1,1,46
BRF:3
BRH:3
end_of_record
TN:
SF:helpers\cloudinary.js
FN:10,(anonymous_0)
FN:15,(anonymous_1)
FNF:2
FNH:2
FNDA:2,(anonymous_0)
FNDA:2,(anonymous_1)
DA:1,2
DA:2,2
DA:4,2
DA:10,2
DA:11,2
DA:12,2
DA:15,2
DA:16,2
DA:18,2
DA:19,2
DA:21,2
DA:22,2
DA:24,2
DA:31,2
LF:14
LH:14
BRDA:12,0,0,2
BRDA:12,0,1,0
BRDA:16,1,0,0
BRDA:16,1,1,2
BRDA:19,2,0,0
BRDA:19,2,1,2
BRF:6
BRH:3
end_of_record
TN:
SF:helpers\enviar-mails.js
FN:6,(anonymous_0)
FN:18,(anonymous_1)
FNF:2
FNH:2
FNDA:2,(anonymous_0)
FNDA:2,(anonymous_1)
DA:1,2
DA:2,2
DA:6,2
DA:7,2
DA:8,0
DA:11,2
DA:12,1
DA:15,2
DA:18,2
DA:19,2
DA:25,2
DA:26,2
DA:27,0
DA:30,2
DA:31,2
DA:38,2
DA:39,1
DA:40,1
DA:41,1
DA:42,1
DA:43,1
DA:46,1
DA:47,0
DA:50,1
DA:56,1
DA:65,1
DA:69,2
LF:27
LH:24
BRDA:7,0,0,0
BRDA:7,0,1,2
BRDA:11,1,0,1
BRDA:11,1,1,1
BRDA:26,2,0,0
BRDA:26,2,1,2
BRDA:38,3,0,1
BRDA:38,3,1,1
BRDA:39,4,0,1
BRDA:39,4,1,0
BRDA:40,5,0,1
BRDA:40,5,1,0
BRDA:46,6,0,0
BRDA:46,6,1,1
BRF:14
BRH:9
end_of_record
TN:
SF:helpers\generar-jwt.js
FN:8,(anonymous_0)
FN:9,(anonymous_1)
FN:14,(anonymous_2)
FN:30,(anonymous_3)
FN:31,(anonymous_4)
FN:36,(anonymous_5)
FNF:6
FNH:6
FNDA:15,(anonymous_0)
FNDA:15,(anonymous_1)
FNDA:15,(anonymous_2)
FNDA:15,(anonymous_3)
FNDA:15,(anonymous_4)
FNDA:15,(anonymous_5)
DA:1,4
DA:2,4
DA:6,4
DA:8,4
DA:9,15
DA:10,15
DA:15,15
DA:16,1
DA:21,1
DA:22,1
DA:25,14
DA:30,4
DA:31,15
DA:32,15
DA:37,15
DA:38,1
DA:43,1
DA:44,1
DA:47,14
DA:52,4
LF:20
LH:20
BRDA:8,0,0,0
BRDA:15,1,0,1
BRDA:15,1,1,14
BRDA:30,2,0,0
BRDA:37,3,0,1
BRDA:37,3,1,14
BRF:6
BRH:4
end_of_record
TN:
SF:helpers\geo.js
FN:5,(anonymous_0)
FN:6,(anonymous_1)
FN:8,(anonymous_2)
FN:9,(anonymous_3)
FN:11,(anonymous_4)
FN:25,(anonymous_5)
FN:47,(anonymous_6)
FNF:7
FNH:6
FNDA:12,(anonymous_0)
FNDA:12,(anonymous_1)
FNDA:12,(anonymous_2)
FNDA:6,(anonymous_3)
FNDA:0,(anonymous_4)
FNDA:6,(anonymous_5)
FNDA:6,(anonymous_6)
DA:1,3
DA:2,3
DA:3,3
DA:5,12
DA:6,12
DA:8,12
DA:9,6
DA:11,3
DA:12,0
DA:13,0
DA:14,0
DA:15,0
DA:18,0
DA:20,0
DA:25,3
DA:26,6
DA:27,6
DA:28,6
DA:30,6
DA:31,6
DA:33,6
DA:38,6
DA:44,6
DA:47,3
DA:48,6
DA:49,6
DA:52,3
LF:27
LH:21
BRF:0
BRH:0
end_of_record
TN:
SF:helpers\geocoding.js
FN:11,(anonymous_0)
FN:15,(anonymous_1)
FN:18,(anonymous_2)
FNF:3
FNH:0
FNDA:0,(anonymous_0)
FNDA:0,(anonymous_1)
FNDA:0,(anonymous_2)
DA:1,0
DA:3,0
DA:8,0
DA:9,0
DA:11,0
DA:12,0
DA:15,0
DA:16,0
DA:18,0
DA:19,0
DA:20,0
DA:28,0
DA:29,0
DA:33,0
DA:36,0
DA:37,0
DA:40,0
DA:42,0
DA:43,0
DA:46,0
DA:48,0
DA:56,0
LF:22
LH:0
BRDA:12,0,0,0
BRDA:12,0,1,0
BRDA:16,1,0,0
BRDA:16,1,1,0
BRDA:36,2,0,0
BRDA:36,2,1,0
BRDA:42,3,0,0
BRDA:42,3,1,0
BRDA:42,4,0,0
BRDA:42,4,1,0
BRF:10
BRH:0
end_of_record
TN:
SF:helpers\jwt-config.js
FN:5,(anonymous_0)
FN:12,(anonymous_1)
FN:19,(anonymous_2)
FN:25,(anonymous_3)
FNF:4
FNH:4
FNDA:18,(anonymous_0)
FNDA:15,(anonymous_1)
FNDA:15,(anonymous_2)
FNDA:1,(anonymous_3)
DA:1,6
DA:2,6
DA:3,6
DA:5,18
DA:12,15
DA:19,15
DA:25,6
DA:31,6
LF:8
LH:8
BRDA:1,0,0,6
BRDA:1,0,1,6
BRDA:2,1,0,6
BRDA:2,1,1,6
BRF:4
BRH:4
end_of_record
TN:
SF:helpers\logger.js
FN:34,(anonymous_0)
FNF:1
FNH:0
FNDA:0,(anonymous_0)
DA:1,0
DA:4,0
DA:13,0
DA:21,0
DA:24,0
DA:31,0
DA:35,0
DA:36,0
DA:41,0
DA:66,0
DA:72,0
LF:11
LH:0
BRDA:35,0,0,0
BRDA:35,0,1,0
BRDA:36,1,0,0
BRDA:36,1,1,0
BRDA:67,2,0,0
BRDA:67,2,1,0
BRF:6
BRH:0
end_of_record
TN:
SF:helpers\normalizar-texto.js
FN:7,(anonymous_0)
FNF:1
FNH:1
FNDA:157,(anonymous_0)
DA:7,5
DA:8,157
DA:9,153
DA:12,5
LF:4
LH:4
BRDA:8,0,0,4
BRDA:8,0,1,153
BRF:2
BRH:2
end_of_record
TN:
SF:helpers\validate-env.js
FN:16,(anonymous_0)
FN:22,(anonymous_1)
FN:23,(anonymous_2)
FN:43,(anonymous_3)
FNF:4
FNH:0
FNDA:0,(anonymous_0)
FNDA:0,(anonymous_1)
FNDA:0,(anonymous_2)
FNDA:0,(anonymous_3)
DA:1,0
DA:9,0
DA:11,0
DA:16,0
DA:17,0
DA:22,0
DA:23,0
DA:24,0
DA:27,0
DA:28,0
DA:31,0
DA:33,0
DA:34,0
DA:37,0
DA:38,0
DA:41,0
DA:42,0
DA:43,0
DA:46,0
DA:47,0
DA:51,0
DA:54,0
LF:22
LH:0
BRDA:19,0,0,0
BRDA:19,0,1,0
BRDA:22,1,0,0
BRDA:22,1,1,0
BRDA:24,2,0,0
BRDA:24,2,1,0
BRDA:27,3,0,0
BRDA:27,3,1,0
BRDA:27,4,0,0
BRDA:27,4,1,0
BRDA:33,5,0,0
BRDA:33,5,1,0
BRDA:37,6,0,0
BRDA:37,6,1,0
BRDA:41,7,0,0
BRDA:41,7,1,0
BRDA:46,8,0,0
BRDA:46,8,1,0
BRF:18
BRH:0
end_of_record
TN:
SF:middlewares\error-handler.js
FN:3,(anonymous_0)
FN:16,(anonymous_1)
FN:71,(anonymous_2)
FNF:3
FNH:3
FNDA:18,(anonymous_0)
FNDA:2,(anonymous_1)
FNDA:1,(anonymous_2)
DA:1,2
DA:3,2
DA:4,18
DA:14,18
DA:15,1
DA:16,1
DA:17,2
DA:20,1
DA:28,17
DA:29,1
DA:30,1
DA:37,16
DA:38,1
DA:45,15
DA:46,1
DA:53,14
DA:54,1
DA:61,13
DA:62,13
DA:71,2
DA:72,1
DA:79,1
DA:86,2
LF:23
LH:23
BRDA:11,0,0,18
BRDA:11,0,1,16
BRDA:14,1,0,1
BRDA:14,1,1,17
BRDA:28,2,0,1
BRDA:28,2,1,16
BRDA:37,3,0,1
BRDA:37,3,1,15
BRDA:45,4,0,1
BRDA:45,4,1,14
BRDA:53,5,0,1
BRDA:53,5,1,13
BRDA:61,6,0,13
BRDA:61,6,1,3
BRDA:65,7,0,13
BRDA:65,7,1,1
BRDA:66,8,0,13
BRDA:66,8,1,1
BRDA:67,9,0,13
BRDA:67,9,1,1
BRF:20
BRH:20
end_of_record
TN:
SF:middlewares\validar-campos.js
FN:3,(anonymous_0)
FN:9,(anonymous_1)
FNF:2
FNH:2
FNDA:26,(anonymous_0)
FNDA:8,(anonymous_1)
DA:1,2
DA:3,2
DA:4,26
DA:5,26
DA:8,6
DA:9,6
DA:10,8
DA:12,6
DA:19,20
DA:22,2
LF:10
LH:10
BRDA:5,0,0,6
BRDA:5,0,1,20
BRDA:10,1,0,7
BRDA:10,1,1,1
BRF:4
BRH:4
end_of_record
TN:
SF:middlewares\validar-jwt.js
FN:7,(anonymous_0)
FNF:1
FNH:1
FNDA:20,(anonymous_0)
DA:1,2
DA:2,2
DA:3,2
DA:4,2
DA:5,2
DA:7,2
DA:8,20
DA:10,20
DA:11,5
DA:14,15
DA:15,15
DA:21,14
DA:22,0
DA:25,14
DA:27,14
DA:28,1
DA:31,13
DA:32,1
DA:35,12
DA:36,12
DA:38,1
DA:43,1
DA:47,2
LF:23
LH:22
BRDA:10,0,0,5
BRDA:10,0,1,15
BRDA:21,1,0,0
BRDA:21,1,1,14
BRDA:27,2,0,1
BRDA:27,2,1,13
BRDA:31,3,0,1
BRDA:31,3,1,12
BRF:8
BRH:7
end_of_record
TN:
SF:middlewares\validar-roles.js
FN:3,(anonymous_0)
FN:23,(anonymous_1)
FN:43,(anonymous_2)
FN:44,(anonymous_3)
FNF:4
FNH:4
FNDA:5,(anonymous_0)
FNDA:2,(anonymous_1)
FNDA:3,(anonymous_2)
FNDA:3,(anonymous_3)
DA:1,2
DA:3,2
DA:4,5
DA:5,1
DA:11,4
DA:13,4
DA:14,2
DA:20,2
DA:23,2
DA:24,2
DA:25,0
DA:31,2
DA:33,2
DA:34,1
DA:40,1
DA:43,2
DA:44,3
DA:45,3
DA:46,1
DA:52,2
DA:53,1
DA:59,1
DA:63,2
LF:23
LH:22
BRDA:3,0,0,0
BRDA:4,1,0,1
BRDA:4,1,1,4
BRDA:13,2,0,2
BRDA:13,2,1,2
BRDA:23,3,0,0
BRDA:24,4,0,0
BRDA:24,4,1,2
BRDA:33,5,0,1
BRDA:33,5,1,1
BRDA:33,6,0,2
BRDA:33,6,1,2
BRDA:44,7,0,0
BRDA:45,8,0,1
BRDA:45,8,1,2
BRDA:52,9,0,1
BRDA:52,9,1,1
BRF:17
BRH:13
end_of_record
TN:
SF:service\auth.js
FN:15,(anonymous_0)
FN:22,(anonymous_1)
FN:24,(anonymous_2)
FN:27,(anonymous_3)
FN:31,(anonymous_4)
FN:53,(anonymous_5)
FN:90,(anonymous_6)
FN:155,(anonymous_7)
FN:189,(anonymous_8)
FN:218,(anonymous_9)
FN:252,(anonymous_10)
FN:280,(anonymous_11)
FN:294,(anonymous_12)
FN:303,(anonymous_13)
FN:312,(anonymous_14)
FN:327,(anonymous_15)
FNF:16
FNH:11
FNDA:6,(anonymous_0)
FNDA:17,(anonymous_1)
FNDA:15,(anonymous_2)
FNDA:0,(anonymous_3)
FNDA:15,(anonymous_4)
FNDA:13,(anonymous_5)
FNDA:6,(anonymous_6)
FNDA:1,(anonymous_7)
FNDA:1,(anonymous_8)
FNDA:1,(anonymous_9)
FNDA:0,(anonymous_10)
FNDA:0,(anonymous_11)
FNDA:0,(anonymous_12)
FNDA:0,(anonymous_13)
FNDA:1,(anonymous_14)
FNDA:1,(anonymous_15)
DA:1,2
DA:2,2
DA:3,2
DA:4,2
DA:5,2
DA:6,2
DA:7,2
DA:8,2
DA:9,2
DA:10,2
DA:11,2
DA:12,2
DA:15,2
DA:16,6
DA:17,6
DA:20,2
DA:22,17
DA:24,2
DA:25,15
DA:26,15
DA:27,0
DA:31,2
DA:32,15
DA:37,15
DA:38,15
DA:44,15
DA:45,0
DA:48,15
DA:50,15
DA:53,2
DA:54,13
DA:56,13
DA:57,0
DA:58,0
DA:64,13
DA:65,1
DA:66,1
DA:69,12
DA:70,12
DA:71,0
DA:72,0
DA:78,12
DA:80,12
DA:87,12
DA:90,2
DA:92,6
DA:93,6
DA:97,5
DA:99,1
DA:100,1
DA:103,5
DA:105,5
DA:106,1
DA:109,4
DA:110,4
DA:112,4
DA:113,3
DA:115,3
DA:118,1
DA:120,2
DA:121,1
DA:126,1
DA:135,2
DA:138,3
DA:139,0
DA:140,0
DA:143,3
DA:145,3
DA:152,3
DA:155,2
DA:156,1
DA:160,1
DA:162,1
DA:163,0
DA:164,0
DA:167,1
DA:168,1
DA:169,1
DA:171,1
DA:180,1
DA:181,1
DA:182,1
DA:184,1
DA:186,1
DA:189,2
DA:190,1
DA:192,1
DA:193,0
DA:197,0
DA:202,1
DA:203,1
DA:204,1
DA:205,1
DA:206,1
DA:207,1
DA:209,1
DA:215,1
DA:218,2
DA:219,1
DA:220,0
DA:224,1
DA:225,1
DA:230,0
DA:231,0
DA:233,1
DA:234,1
DA:237,0
DA:238,0
DA:239,0
DA:242,0
DA:243,0
DA:244,0
DA:245,0
DA:246,0
DA:249,0
DA:250,0
DA:252,0
DA:254,0
DA:255,0
DA:256,0
DA:257,0
DA:263,0
DA:264,0
DA:265,0
DA:266,0
DA:271,0
DA:274,0
DA:279,0
DA:280,0
DA:282,0
DA:287,0
DA:289,0
DA:291,0
DA:294,2
DA:295,0
DA:297,0
DA:298,0
DA:301,0
DA:302,0
DA:303,0
DA:304,0
DA:307,0
DA:309,0
DA:312,2
DA:313,1
DA:315,1
DA:316,0
DA:319,1
DA:320,1
DA:322,1
DA:324,1
DA:327,2
DA:328,1
DA:330,1
DA:331,0
DA:334,1
DA:335,1
DA:337,1
DA:345,2
LF:159
LH:106
BRDA:16,0,0,1
BRDA:16,0,1,5
BRDA:24,1,0,0
BRDA:40,2,0,15
BRDA:40,2,1,15
BRDA:44,3,0,0
BRDA:44,3,1,15
BRDA:56,4,0,0
BRDA:56,4,1,13
BRDA:56,5,0,13
BRDA:56,5,1,13
BRDA:64,6,0,1
BRDA:64,6,1,12
BRDA:70,7,0,0
BRDA:70,7,1,12
BRDA:105,8,0,1
BRDA:105,8,1,4
BRDA:112,9,0,3
BRDA:112,9,1,1
BRDA:115,10,0,1
BRDA:115,10,1,2
BRDA:120,11,0,1
BRDA:120,11,1,1
BRDA:138,12,0,0
BRDA:138,12,1,3
BRDA:162,13,0,0
BRDA:162,13,1,1
BRDA:192,14,0,0
BRDA:192,14,1,1
BRDA:219,15,0,0
BRDA:219,15,1,1
BRDA:230,16,0,0
BRDA:230,16,1,0
BRDA:238,17,0,0
BRDA:238,17,1,0
BRDA:242,18,0,0
BRDA:242,18,1,0
BRDA:254,19,0,0
BRDA:254,19,1,0
BRDA:255,20,0,0
BRDA:255,20,1,0
BRDA:261,21,0,0
BRDA:261,21,1,0
BRDA:263,22,0,0
BRDA:263,22,1,0
BRDA:284,23,0,0
BRDA:284,23,1,0
BRDA:297,24,0,0
BRDA:297,24,1,0
BRDA:301,25,0,0
BRDA:301,25,1,0
BRDA:315,26,0,0
BRDA:315,26,1,1
BRDA:330,27,0,0
BRDA:330,27,1,1
BRDA:330,28,0,1
BRDA:330,28,1,1
BRDA:330,28,2,1
BRF:58
BRH:28
end_of_record
TN:
SF:service\colaboradores.js
FN:14,(anonymous_0)
FN:16,(anonymous_1)
FN:22,(anonymous_2)
FN:29,(anonymous_3)
FN:79,(anonymous_4)
FN:89,(anonymous_5)
FN:117,(anonymous_6)
FN:123,(anonymous_7)
FN:131,(anonymous_8)
FN:185,(anonymous_9)
FNF:10
FNH:4
FNDA:0,(anonymous_0)
FNDA:0,(anonymous_1)
FNDA:0,(anonymous_2)
FNDA:1,(anonymous_3)
FNDA:1,(anonymous_4)
FNDA:0,(anonymous_5)
FNDA:1,(anonymous_6)
FNDA:1,(anonymous_7)
FNDA:0,(anonymous_8)
FNDA:0,(anonymous_9)
DA:1,2
DA:2,2
DA:3,2
DA:5,2
DA:14,2
DA:16,2
DA:22,2
DA:29,2
DA:51,1
DA:53,1
DA:70,1
DA:79,1
DA:80,1
DA:81,1
DA:84,1
DA:85,1
DA:86,1
DA:89,2
DA:90,0
DA:91,0
DA:92,0
DA:94,0
DA:95,0
DA:96,0
DA:97,0
DA:99,0
DA:109,0
DA:117,2
DA:118,1
DA:119,1
DA:120,0
DA:123,2
DA:124,1
DA:125,1
DA:127,1
DA:128,1
DA:131,2
DA:132,0
DA:133,0
DA:134,0
DA:136,0
DA:138,0
DA:144,0
DA:145,0
DA:147,0
DA:185,0
DA:186,0
DA:187,0
DA:188,0
DA:190,0
DA:229,0
DA:230,0
DA:236,0
DA:239,2
LF:54
LH:28
BRDA:14,0,0,0
BRDA:14,1,0,0
BRDA:14,1,1,0
BRDA:16,2,0,0
BRDA:17,3,0,0
BRDA:17,3,1,0
BRDA:18,4,0,0
BRDA:18,4,1,0
BRDA:19,5,0,0
BRDA:19,5,1,0
BRDA:22,6,0,0
BRDA:23,7,0,0
BRDA:23,7,1,0
BRDA:26,8,0,0
BRDA:26,8,1,0
BRDA:81,9,0,1
BRDA:81,9,1,0
BRDA:81,10,0,1
BRDA:81,10,1,1
BRDA:89,11,0,0
BRDA:89,12,0,0
BRDA:90,13,0,0
BRDA:90,13,1,0
BRDA:91,14,0,0
BRDA:91,14,1,0
BRDA:95,15,0,0
BRDA:95,15,1,0
BRDA:96,16,0,0
BRDA:96,16,1,0
BRDA:97,17,0,0
BRDA:97,17,1,0
BRDA:119,18,0,1
BRDA:119,18,1,0
BRDA:125,19,0,0
BRDA:125,19,1,1
BRDA:133,20,0,0
BRDA:133,20,1,0
BRDA:134,21,0,0
BRDA:134,21,1,0
BRDA:136,22,0,0
BRDA:136,22,1,0
BRDA:186,23,0,0
BRDA:186,23,1,0
BRDA:193,24,0,0
BRDA:193,24,1,0
BRDA:196,25,0,0
BRDA:196,25,1,0
BRDA:197,26,0,0
BRDA:197,26,1,0
BRDA:198,27,0,0
BRDA:198,27,1,0
BRDA:199,28,0,0
BRDA:199,28,1,0
BRDA:200,29,0,0
BRDA:200,29,1,0
BRDA:201,30,0,0
BRDA:201,30,1,0
BRDA:202,31,0,0
BRDA:202,31,1,0
BRDA:210,32,0,0
BRDA:210,32,1,0
BRDA:211,33,0,0
BRDA:211,33,1,0
BRDA:212,34,0,0
BRDA:212,34,1,0
BRDA:213,35,0,0
BRDA:213,35,1,0
BRDA:214,36,0,0
BRDA:214,36,1,0
BRDA:215,37,0,0
BRDA:215,37,1,0
BRDA:216,38,0,0
BRDA:216,38,1,0
BRDA:217,39,0,0
BRDA:217,39,1,0
BRDA:219,40,0,0
BRDA:219,40,1,0
BRDA:220,41,0,0
BRDA:220,41,1,0
BRDA:221,42,0,0
BRDA:221,42,1,0
BRDA:222,43,0,0
BRDA:222,43,1,0
BRDA:223,44,0,0
BRDA:223,44,1,0
BRDA:225,45,0,0
BRDA:225,45,1,0
BRF:87
BRH:5
end_of_record
TN:
SF:service\comunidad.js
FN:6,(anonymous_0)
FN:11,(anonymous_1)
FN:21,(anonymous_2)
FN:46,(anonymous_3)
FN:73,(anonymous_4)
FNF:5
FNH:5
FNDA:1,(anonymous_0)
FNDA:2,(anonymous_1)
FNDA:2,(anonymous_2)
FNDA:2,(anonymous_3)
FNDA:2,(anonymous_4)
DA:1,2
DA:2,2
DA:3,2
DA:4,2
DA:6,2
DA:7,1
DA:8,1
DA:11,2
DA:12,2
DA:14,2
DA:15,1
DA:18,1
DA:21,2
DA:22,2
DA:24,2
DA:32,2
DA:33,2
DA:34,2
DA:36,2
DA:43,2
DA:46,2
DA:47,2
DA:49,2
DA:50,2
DA:51,2
DA:52,2
DA:53,2
DA:55,2
DA:60,2
DA:61,1
DA:64,1
DA:70,1
DA:73,2
DA:74,2
DA:76,2
DA:77,1
DA:80,1
DA:86,1
DA:89,2
LF:39
LH:39
BRDA:14,0,0,1
BRDA:14,0,1,1
BRDA:28,1,0,2
BRDA:28,1,1,0
BRDA:50,2,0,2
BRDA:50,2,1,0
BRDA:51,3,0,0
BRDA:51,3,1,2
BRDA:52,4,0,1
BRDA:52,4,1,1
BRDA:53,5,0,0
BRDA:53,5,1,2
BRDA:60,6,0,1
BRDA:60,6,1,1
BRDA:76,7,0,1
BRDA:76,7,1,1
BRF:16
BRH:12
end_of_record
TN:
SF:service\publicaciones.js
FN:10,(anonymous_0)
FN:11,(anonymous_1)
FN:50,(anonymous_2)
FN:52,(anonymous_3)
FN:60,(anonymous_4)
FN:70,(anonymous_5)
FN:80,(anonymous_6)
FN:99,(anonymous_7)
FN:144,(anonymous_8)
FN:147,(anonymous_9)
FN:156,(anonymous_10)
FN:209,(anonymous_11)
FN:251,(anonymous_12)
FN:268,(anonymous_13)
FN:287,(anonymous_14)
FN:313,(anonymous_15)
FN:314,(anonymous_16)
FN:318,(anonymous_17)
FN:375,(anonymous_18)
FN:439,(anonymous_19)
FN:469,(anonymous_20)
FN:484,(anonymous_21)
FN:498,(anonymous_22)
FN:514,(anonymous_23)
FN:530,(anonymous_24)
FN:580,(anonymous_25)
FN:631,(anonymous_26)
FNF:27
FNH:23
FNDA:1,(anonymous_0)
FNDA:6,(anonymous_1)
FNDA:14,(anonymous_2)
FNDA:5,(anonymous_3)
FNDA:9,(anonymous_4)
FNDA:15,(anonymous_5)
FNDA:6,(anonymous_6)
FNDA:11,(anonymous_7)
FNDA:3,(anonymous_8)
FNDA:51,(anonymous_9)
FNDA:13,(anonymous_10)
FNDA:1,(anonymous_11)
FNDA:4,(anonymous_12)
FNDA:8,(anonymous_13)
FNDA:7,(anonymous_14)
FNDA:2,(anonymous_15)
FNDA:2,(anonymous_16)
FNDA:4,(anonymous_17)
FNDA:3,(anonymous_18)
FNDA:0,(anonymous_19)
FNDA:5,(anonymous_20)
FNDA:4,(anonymous_21)
FNDA:3,(anonymous_22)
FNDA:0,(anonymous_23)
FNDA:1,(anonymous_24)
FNDA:0,(anonymous_25)
FNDA:0,(anonymous_26)
DA:1,3
DA:2,3
DA:3,3
DA:4,3
DA:5,3
DA:6,3
DA:7,3
DA:8,3
DA:10,3
DA:11,6
DA:12,3
DA:14,3
DA:24,3
DA:29,3
DA:30,3
DA:50,3
DA:51,14
DA:52,5
DA:54,9
DA:55,7
DA:57,2
DA:60,3
DA:61,9
DA:62,9
DA:64,0
DA:65,0
DA:67,0
DA:70,3
DA:71,15
DA:72,15
DA:73,1
DA:80,3
DA:81,6
DA:84,6
DA:85,0
DA:86,6
DA:87,6
DA:88,6
DA:89,6
DA:90,0
DA:91,0
DA:93,0
DA:96,6
DA:99,3
DA:100,11
DA:101,11
DA:119,11
DA:120,6
DA:121,6
DA:122,6
DA:124,6
DA:131,6
DA:132,6
DA:135,11
DA:136,5
DA:137,5
DA:138,5
DA:141,11
DA:144,3
DA:145,3
DA:147,3
DA:148,51
DA:149,35
DA:153,3
DA:156,3
DA:167,13
DA:168,13
DA:169,13
DA:171,13
DA:173,13
DA:175,13
DA:176,1
DA:177,1
DA:180,13
DA:181,13
DA:182,13
DA:183,13
DA:185,13
DA:186,13
DA:187,0
DA:188,0
DA:189,0
DA:190,0
DA:194,13
DA:206,13
DA:209,3
DA:218,1
DA:220,1
DA:221,0
DA:224,1
DA:225,1
DA:226,1
DA:227,1
DA:229,1
DA:230,1
DA:232,1
DA:233,1
DA:234,1
DA:237,1
DA:248,1
DA:251,3
DA:252,4
DA:261,4
DA:262,2
DA:265,2
DA:268,3
DA:269,8
DA:270,8
DA:271,8
DA:273,8
DA:274,8
DA:275,8
DA:277,8
DA:284,8
DA:287,3
DA:288,7
DA:289,7
DA:291,7
DA:292,0
DA:295,7
DA:299,1
DA:302,6
DA:303,3
DA:309,3
DA:310,3
DA:312,3
DA:313,2
DA:314,2
DA:317,3
DA:318,3
DA:319,4
DA:320,0
DA:321,4
DA:322,1
DA:323,1
DA:324,1
DA:326,3
DA:329,3
DA:330,3
DA:332,0
DA:336,3
DA:337,3
DA:339,3
DA:341,3
DA:342,0
DA:348,0
DA:349,0
DA:352,3
DA:353,0
DA:354,0
DA:355,0
DA:356,3
DA:357,3
DA:358,3
DA:359,3
DA:360,3
DA:363,3
DA:364,3
DA:366,3
DA:372,3
DA:375,3
DA:376,3
DA:377,3
DA:379,3
DA:380,0
DA:383,3
DA:387,0
DA:390,3
DA:391,0
DA:394,3
DA:395,3
DA:396,0
DA:399,3
DA:400,3
DA:413,3
DA:414,3
DA:415,3
DA:417,3
DA:427,3
DA:436,3
DA:439,3
DA:440,0
DA:442,0
DA:443,0
DA:446,0
DA:450,0
DA:453,0
DA:459,0
DA:466,0
DA:469,3
DA:470,5
DA:472,5
DA:473,0
DA:476,5
DA:480,2
DA:483,3
DA:484,4
DA:486,3
DA:488,3
DA:495,3
DA:498,3
DA:499,3
DA:507,3
DA:508,1
DA:511,2
DA:514,3
DA:515,0
DA:523,0
DA:524,0
DA:527,0
DA:530,3
DA:541,1
DA:542,1
DA:543,1
DA:545,1
DA:546,1
DA:547,1
DA:548,1
DA:549,1
DA:551,1
DA:552,1
DA:553,0
DA:562,1
DA:563,1
DA:564,1
DA:566,1
DA:577,1
DA:580,3
DA:581,0
DA:582,0
DA:583,0
DA:584,0
DA:585,0
DA:587,0
DA:588,0
DA:589,0
DA:598,0
DA:600,0
DA:607,0
DA:608,0
DA:610,0
DA:631,0
DA:632,0
DA:633,0
DA:658,0
DA:659,0
DA:665,0
DA:668,3
LF:248
LH:190
BRDA:11,0,0,6
BRDA:11,0,1,6
BRDA:50,1,0,0
BRDA:51,2,0,5
BRDA:51,2,1,9
BRDA:54,3,0,7
BRDA:54,3,1,2
BRDA:54,4,0,9
BRDA:54,4,1,7
BRDA:61,5,0,9
BRDA:61,5,1,0
BRDA:61,6,0,9
BRDA:61,6,1,9
BRDA:64,7,0,0
BRDA:64,7,1,0
BRDA:71,8,0,1
BRDA:71,8,1,14
BRDA:72,9,0,14
BRDA:72,9,1,1
BRDA:81,10,0,6
BRDA:81,10,1,0
BRDA:81,10,2,0
BRDA:81,10,3,0
BRDA:84,11,0,0
BRDA:84,11,1,6
BRDA:86,12,0,6
BRDA:86,12,1,0
BRDA:90,13,0,0
BRDA:90,13,1,0
BRDA:99,14,0,8
BRDA:99,15,0,8
BRDA:103,16,0,10
BRDA:103,16,1,1
BRDA:109,17,0,10
BRDA:109,17,1,1
BRDA:110,18,0,0
BRDA:110,18,1,11
BRDA:115,19,0,11
BRDA:115,19,1,8
BRDA:119,20,0,6
BRDA:119,20,1,5
BRDA:135,21,0,5
BRDA:135,21,1,6
BRDA:148,22,0,35
BRDA:148,22,1,16
BRDA:157,23,0,11
BRDA:158,24,0,11
BRDA:167,25,0,13
BRDA:167,25,1,0
BRDA:168,26,0,13
BRDA:168,26,1,0
BRDA:173,27,0,3
BRDA:173,27,1,10
BRDA:175,28,0,1
BRDA:175,28,1,12
BRDA:177,29,0,1
BRDA:177,29,1,0
BRDA:180,30,0,2
BRDA:180,30,1,11
BRDA:181,31,0,1
BRDA:181,31,1,12
BRDA:182,32,0,1
BRDA:182,32,1,12
BRDA:183,33,0,2
BRDA:183,33,1,11
BRDA:186,34,0,0
BRDA:186,34,1,13
BRDA:188,35,0,0
BRDA:188,35,1,0
BRDA:188,36,0,0
BRDA:188,36,1,0
BRDA:212,37,0,0
BRDA:213,38,0,0
BRDA:218,39,0,1
BRDA:218,39,1,1
BRDA:220,40,0,0
BRDA:220,40,1,1
BRDA:224,41,0,1
BRDA:224,41,1,0
BRDA:225,42,0,1
BRDA:225,42,1,0
BRDA:229,43,0,1
BRDA:229,43,1,0
BRDA:230,44,0,0
BRDA:230,44,1,1
BRDA:233,45,0,1
BRDA:233,45,1,0
BRDA:261,46,0,2
BRDA:261,46,1,2
BRDA:291,47,0,0
BRDA:291,47,1,7
BRDA:295,48,0,1
BRDA:295,48,1,6
BRDA:296,49,0,7
BRDA:296,49,1,1
BRDA:302,50,0,3
BRDA:302,50,1,3
BRDA:302,51,0,6
BRDA:302,51,1,3
BRDA:312,52,0,1
BRDA:312,52,1,2
BRDA:319,53,0,0
BRDA:319,53,1,4
BRDA:321,54,0,1
BRDA:321,54,1,3
BRDA:321,55,0,4
BRDA:321,55,1,3
BRDA:322,56,0,1
BRDA:322,56,1,0
BRDA:326,57,0,0
BRDA:326,57,1,3
BRDA:326,58,0,3
BRDA:326,58,1,3
BRDA:329,59,0,3
BRDA:329,59,1,0
BRDA:329,60,0,3
BRDA:329,60,1,3
BRDA:337,61,0,3
BRDA:337,61,1,0
BRDA:339,62,0,3
BRDA:339,62,1,3
BRDA:339,62,2,3
BRDA:341,63,0,0
BRDA:341,63,1,3
BRDA:341,64,0,3
BRDA:341,64,1,3
BRDA:346,65,0,0
BRDA:346,65,1,0
BRDA:352,66,0,0
BRDA:352,66,1,3
BRDA:356,67,0,3
BRDA:356,67,1,0
BRDA:356,68,0,3
BRDA:356,68,1,0
BRDA:379,69,0,0
BRDA:379,69,1,3
BRDA:383,70,0,0
BRDA:383,70,1,3
BRDA:384,71,0,3
BRDA:384,71,1,0
BRDA:390,72,0,0
BRDA:390,72,1,3
BRDA:395,73,0,0
BRDA:395,73,1,3
BRDA:405,74,0,3
BRDA:405,74,1,3
BRDA:442,75,0,0
BRDA:442,75,1,0
BRDA:446,76,0,0
BRDA:446,76,1,0
BRDA:447,77,0,0
BRDA:447,77,1,0
BRDA:472,78,0,0
BRDA:472,78,1,5
BRDA:476,79,0,2
BRDA:476,79,1,3
BRDA:477,80,0,5
BRDA:477,80,1,2
BRDA:507,81,0,1
BRDA:507,81,1,2
BRDA:523,82,0,0
BRDA:523,82,1,0
BRDA:523,83,0,0
BRDA:523,83,1,0
BRDA:536,84,0,1
BRDA:537,85,0,1
BRDA:538,86,0,1
BRDA:539,87,0,1
BRDA:541,88,0,1
BRDA:541,88,1,0
BRDA:542,89,0,1
BRDA:542,89,1,0
BRDA:546,90,0,0
BRDA:546,90,1,1
BRDA:547,91,0,0
BRDA:547,91,1,1
BRDA:548,92,0,0
BRDA:548,92,1,1
BRDA:549,93,0,0
BRDA:549,93,1,1
BRDA:552,94,0,0
BRDA:552,94,1,1
BRDA:563,95,0,1
BRDA:563,95,1,0
BRDA:564,96,0,0
BRDA:564,96,1,1
BRDA:582,97,0,0
BRDA:582,97,1,0
BRDA:583,98,0,0
BRDA:583,98,1,0
BRDA:584,99,0,0
BRDA:584,99,1,0
BRDA:585,100,0,0
BRDA:585,100,1,0
BRDA:588,101,0,0
BRDA:588,101,1,0
BRDA:598,102,0,0
BRDA:598,102,1,0
BRDA:632,103,0,0
BRDA:632,103,1,0
BRDA:634,104,0,0
BRDA:634,104,1,0
BRDA:635,105,0,0
BRDA:635,105,1,0
BRDA:636,106,0,0
BRDA:636,106,1,0
BRDA:637,107,0,0
BRDA:637,107,1,0
BRDA:638,108,0,0
BRDA:638,108,1,0
BRDA:639,109,0,0
BRDA:639,109,1,0
BRDA:640,110,0,0
BRDA:640,110,1,0
BRDA:641,111,0,0
BRDA:641,111,1,0
BRDA:642,112,0,0
BRDA:642,112,1,0
BRDA:643,113,0,0
BRDA:643,113,1,0
BRDA:644,114,0,0
BRDA:644,114,1,0
BRDA:645,115,0,0
BRDA:645,115,1,0
BRDA:646,116,0,0
BRDA:646,116,1,0
BRDA:647,117,0,0
BRDA:647,117,1,0
BRDA:648,118,0,0
BRDA:648,118,1,0
BRDA:649,119,0,0
BRDA:649,119,1,0
BRDA:653,120,0,0
BRDA:653,120,1,0
BRDA:653,120,2,0
BRDA:654,121,0,0
BRDA:654,121,1,0
BRF:237
BRH:121
end_of_record
TN:
SF:service\reclamos.js
FN:7,(anonymous_0)
FN:19,(anonymous_1)
FN:33,(anonymous_2)
FN:38,(anonymous_3)
FN:45,(anonymous_4)
FNF:5
FNH:4
FNDA:2,(anonymous_0)
FNDA:1,(anonymous_1)
FNDA:0,(anonymous_2)
FNDA:4,(anonymous_3)
FNDA:2,(anonymous_4)
DA:1,2
DA:2,2
DA:3,2
DA:4,2
DA:5,2
DA:7,2
DA:8,2
DA:9,2
DA:10,2
DA:12,2
DA:18,2
DA:19,1
DA:33,2
DA:34,0
DA:35,0
DA:38,2
DA:39,4
DA:40,4
DA:41,1
DA:44,3
DA:45,2
DA:48,3
DA:49,1
DA:52,2
DA:53,3
DA:54,3
DA:62,2
DA:68,2
DA:70,2
DA:73,2
LF:30
LH:28
BRDA:7,0,0,0
BRDA:7,1,0,1
BRDA:7,2,0,1
BRDA:8,3,0,2
BRDA:8,3,1,0
BRDA:9,4,0,2
BRDA:9,4,1,0
BRDA:40,5,0,1
BRDA:40,5,1,3
BRDA:44,6,0,2
BRDA:44,6,1,1
BRDA:48,7,0,1
BRDA:48,7,1,2
BRDA:56,8,0,3
BRDA:56,8,1,1
BRDA:63,9,0,2
BRDA:63,9,1,1
BRF:17
BRH:14
end_of_record
TN:
SF:service\usuarios.js
FN:6,(anonymous_0)
FN:7,(anonymous_1)
FN:8,(anonymous_2)
FN:9,(anonymous_3)
FN:10,(anonymous_4)
FN:12,(anonymous_5)
FN:20,(anonymous_6)
FN:22,(anonymous_7)
FN:26,(anonymous_8)
FN:27,(anonymous_9)
FN:49,(anonymous_10)
FN:62,(anonymous_11)
FN:105,(anonymous_12)
FN:127,(anonymous_13)
FN:163,(anonymous_14)
FN:191,(anonymous_15)
FN:227,(anonymous_16)
FN:269,(anonymous_17)
FN:285,(anonymous_18)
FN:299,(anonymous_19)
FN:309,(anonymous_20)
FN:431,(anonymous_21)
FNF:22
FNH:19
FNDA:4,(anonymous_0)
FNDA:2,(anonymous_1)
FNDA:2,(anonymous_2)
FNDA:1,(anonymous_3)
FNDA:1,(anonymous_4)
FNDA:2,(anonymous_5)
FNDA:2,(anonymous_6)
FNDA:2,(anonymous_7)
FNDA:0,(anonymous_8)
FNDA:2,(anonymous_9)
FNDA:2,(anonymous_10)
FNDA:1,(anonymous_11)
FNDA:2,(anonymous_12)
FNDA:3,(anonymous_13)
FNDA:3,(anonymous_14)
FNDA:2,(anonymous_15)
FNDA:2,(anonymous_16)
FNDA:0,(anonymous_17)
FNDA:0,(anonymous_18)
FNDA:1,(anonymous_19)
FNDA:5,(anonymous_20)
FNDA:2,(anonymous_21)
DA:1,2
DA:2,2
DA:3,2
DA:4,2
DA:6,4
DA:7,2
DA:8,2
DA:9,2
DA:10,2
DA:12,2
DA:13,2
DA:14,2
DA:15,2
DA:16,2
DA:17,0
DA:20,2
DA:22,2
DA:23,2
DA:24,2
DA:26,0
DA:27,2
DA:34,2
DA:49,2
DA:50,2
DA:51,2
DA:52,2
DA:54,2
DA:59,2
DA:62,2
DA:71,1
DA:72,1
DA:73,1
DA:74,1
DA:76,1
DA:77,1
DA:78,1
DA:81,1
DA:82,1
DA:83,1
DA:84,1
DA:87,1
DA:88,1
DA:89,1
DA:91,1
DA:102,1
DA:105,2
DA:106,2
DA:114,2
DA:115,2
DA:116,2
DA:118,2
DA:124,2
DA:127,2
DA:128,3
DA:129,1
DA:132,2
DA:134,2
DA:135,1
DA:140,1
DA:141,0
DA:146,1
DA:147,1
DA:148,1
DA:150,1
DA:156,1
DA:157,1
DA:160,0
DA:163,2
DA:164,3
DA:166,3
DA:167,1
DA:170,2
DA:171,1
DA:174,1
DA:175,1
DA:176,1
DA:178,1
DA:180,1
DA:188,1
DA:191,2
DA:192,2
DA:193,0
DA:196,2
DA:197,1
DA:200,1
DA:201,0
DA:204,1
DA:206,1
DA:207,0
DA:210,1
DA:211,0
DA:214,1
DA:215,1
DA:217,1
DA:224,1
DA:227,2
DA:228,2
DA:229,1
DA:232,1
DA:233,1
DA:239,1
DA:246,1
DA:249,0
DA:255,0
DA:256,0
DA:259,0
DA:266,0
DA:269,2
DA:270,0
DA:271,0
DA:274,0
DA:278,0
DA:279,0
DA:282,0
DA:285,2
DA:286,0
DA:287,0
DA:290,0
DA:292,0
DA:293,0
DA:296,0
DA:299,2
DA:300,1
DA:302,1
DA:303,0
DA:306,1
DA:309,2
DA:322,5
DA:324,5
DA:325,1
DA:330,4
DA:331,4
DA:332,0
DA:339,4
DA:347,1
DA:352,3
DA:354,3
DA:355,1
DA:356,1
DA:357,0
DA:359,1
DA:360,0
DA:364,1
DA:365,0
DA:369,1
DA:370,0
DA:374,1
DA:377,3
DA:378,1
DA:379,1
DA:380,0
DA:384,1
DA:385,1
DA:389,0
DA:392,2
DA:393,2
DA:394,2
DA:395,0
DA:399,2
DA:400,1
DA:404,1
DA:407,1
DA:408,0
DA:413,1
DA:418,1
DA:419,0
DA:422,1
DA:428,1
DA:431,2
DA:432,2
DA:434,2
DA:435,0
DA:438,2
DA:439,2
DA:440,1
DA:441,1
DA:446,1
DA:447,0
DA:452,1
DA:453,1
DA:454,1
DA:455,1
DA:456,1
DA:458,1
DA:465,1
DA:470,2
LF:186
LH:148
BRDA:12,0,0,0
BRDA:13,1,0,0
BRDA:13,1,1,2
BRDA:14,2,0,0
BRDA:14,2,1,2
BRDA:16,3,0,2
BRDA:16,3,1,0
BRDA:20,4,0,0
BRDA:24,5,0,2
BRDA:24,5,1,0
BRDA:26,6,0,0
BRDA:26,6,1,0
BRDA:26,7,0,0
BRDA:26,7,1,0
BRDA:28,8,0,2
BRDA:28,8,1,0
BRDA:31,9,0,2
BRDA:31,9,1,1
BRDA:39,10,0,2
BRDA:39,10,1,0
BRDA:49,11,0,0
BRDA:49,12,0,0
BRDA:49,13,0,0
BRDA:50,14,0,2
BRDA:50,14,1,0
BRDA:51,15,0,2
BRDA:51,15,1,0
BRDA:62,16,0,0
BRDA:63,17,0,1
BRDA:64,18,0,1
BRDA:65,19,0,0
BRDA:66,20,0,0
BRDA:71,21,0,1
BRDA:71,21,1,0
BRDA:72,22,0,1
BRDA:72,22,1,0
BRDA:76,23,0,1
BRDA:76,23,1,0
BRDA:77,24,0,1
BRDA:77,24,1,0
BRDA:78,25,0,1
BRDA:78,25,1,0
BRDA:81,26,0,1
BRDA:81,26,1,0
BRDA:82,27,0,1
BRDA:82,27,1,0
BRDA:88,28,0,1
BRDA:88,28,1,0
BRDA:89,29,0,0
BRDA:89,29,1,1
BRDA:128,30,0,1
BRDA:128,30,1,2
BRDA:128,31,0,3
BRDA:128,31,1,1
BRDA:134,32,0,1
BRDA:134,32,1,1
BRDA:140,33,0,0
BRDA:140,33,1,1
BRDA:140,34,0,1
BRDA:140,34,1,1
BRDA:146,35,0,1
BRDA:146,35,1,0
BRDA:147,36,0,0
BRDA:147,36,1,1
BRDA:148,37,0,0
BRDA:148,37,1,1
BRDA:156,38,0,1
BRDA:156,38,1,0
BRDA:166,39,0,1
BRDA:166,39,1,2
BRDA:170,40,0,1
BRDA:170,40,1,1
BRDA:175,41,0,1
BRDA:175,41,1,0
BRDA:192,42,0,0
BRDA:192,42,1,2
BRDA:196,43,0,1
BRDA:196,43,1,1
BRDA:200,44,0,0
BRDA:200,44,1,1
BRDA:206,45,0,0
BRDA:206,45,1,1
BRDA:210,46,0,0
BRDA:210,46,1,1
BRDA:228,47,0,1
BRDA:228,47,1,1
BRDA:228,48,0,2
BRDA:228,48,1,2
BRDA:232,49,0,1
BRDA:232,49,1,0
BRDA:255,50,0,0
BRDA:255,50,1,0
BRDA:270,51,0,0
BRDA:270,51,1,0
BRDA:270,52,0,0
BRDA:270,52,1,0
BRDA:278,53,0,0
BRDA:278,53,1,0
BRDA:286,54,0,0
BRDA:286,54,1,0
BRDA:286,55,0,0
BRDA:286,55,1,0
BRDA:292,56,0,0
BRDA:292,56,1,0
BRDA:302,57,0,0
BRDA:302,57,1,1
BRDA:324,58,0,1
BRDA:324,58,1,4
BRDA:331,59,0,0
BRDA:331,59,1,4
BRDA:339,60,0,1
BRDA:339,60,1,3
BRDA:340,61,0,4
BRDA:340,61,1,3
BRDA:340,61,2,3
BRDA:340,61,3,3
BRDA:340,61,4,3
BRDA:340,61,5,3
BRDA:354,62,0,1
BRDA:354,62,1,2
BRDA:356,63,0,0
BRDA:356,63,1,1
BRDA:359,64,0,0
BRDA:359,64,1,1
BRDA:364,65,0,0
BRDA:364,65,1,1
BRDA:369,66,0,0
BRDA:369,66,1,1
BRDA:377,67,0,1
BRDA:377,67,1,2
BRDA:379,68,0,0
BRDA:379,68,1,1
BRDA:384,69,0,1
BRDA:384,69,1,0
BRDA:392,70,0,2
BRDA:392,70,1,0
BRDA:394,71,0,0
BRDA:394,71,1,2
BRDA:399,72,0,1
BRDA:399,72,1,1
BRDA:407,73,0,0
BRDA:407,73,1,1
BRDA:418,74,0,0
BRDA:418,74,1,1
BRDA:434,75,0,0
BRDA:434,75,1,2
BRDA:439,76,0,1
BRDA:439,76,1,1
BRDA:446,77,0,0
BRDA:446,77,1,1
BRF:150
BRH:82
end_of_record
