TN:
SF:controllers\auth.js
FN:3,(anonymous_0)
FN:11,(anonymous_1)
FN:26,(anonymous_2)
FN:38,(anonymous_3)
FN:51,(anonymous_4)
FN:65,(anonymous_5)
FN:80,(anonymous_6)
FNF:7
FNH:0
FNDA:0,(anonymous_0)
FNDA:0,(anonymous_1)
FNDA:0,(anonymous_2)
FNDA:0,(anonymous_3)
FNDA:0,(anonymous_4)
FNDA:0,(anonymous_5)
FNDA:0,(anonymous_6)
DA:1,0
DA:3,0
DA:11,0
DA:12,0
DA:13,0
DA:19,0
DA:20,0
DA:22,0
DA:26,0
DA:27,0
DA:28,0
DA:32,0
DA:34,0
DA:38,0
DA:39,0
DA:40,0
DA:45,0
DA:47,0
DA:51,0
DA:52,0
DA:53,0
DA:58,0
DA:59,0
DA:61,0
DA:65,0
DA:66,0
DA:67,0
DA:73,0
DA:74,0
DA:76,0
DA:80,0
DA:81,0
DA:82,0
DA:87,0
DA:88,0
DA:90,0
DA:94,0
LF:37
LH:0
BRDA:6,0,0,0
BRDA:6,0,1,0
BRDA:54,1,0,0
BRDA:54,1,1,0
BRDA:69,2,0,0
BRDA:69,2,1,0
BRF:6
BRH:0
end_of_record
TN:
SF:controllers\comunidad.js
FN:3,(anonymous_0)
FN:12,(anonymous_1)
FN:21,(anonymous_2)
FN:34,(anonymous_3)
FN:48,(anonymous_4)
FNF:5
FNH:0
FNDA:0,(anonymous_0)
FNDA:0,(anonymous_1)
FNDA:0,(anonymous_2)
FNDA:0,(anonymous_3)
FNDA:0,(anonymous_4)
DA:1,0
DA:3,0
DA:4,0
DA:5,0
DA:6,0
DA:8,0
DA:12,0
DA:13,0
DA:14,0
DA:15,0
DA:17,0
DA:21,0
DA:22,0
DA:23,0
DA:28,0
DA:30,0
DA:34,0
DA:35,0
DA:36,0
DA:42,0
DA:44,0
DA:48,0
DA:49,0
DA:50,0
DA:55,0
DA:57,0
DA:61,0
LF:27
LH:0
BRF:0
BRH:0
end_of_record
TN:
SF:controllers\publicaciones.js
FN:3,(anonymous_0)
FN:12,(anonymous_1)
FN:24,(anonymous_2)
FN:33,(anonymous_3)
FN:47,(anonymous_4)
FN:60,(anonymous_5)
FN:75,(anonymous_6)
FN:89,(anonymous_7)
FN:98,(anonymous_8)
FNF:9
FNH:0
FNDA:0,(anonymous_0)
FNDA:0,(anonymous_1)
FNDA:0,(anonymous_2)
FNDA:0,(anonymous_3)
FNDA:0,(anonymous_4)
FNDA:0,(anonymous_5)
FNDA:0,(anonymous_6)
FNDA:0,(anonymous_7)
FNDA:0,(anonymous_8)
DA:1,0
DA:3,0
DA:4,0
DA:5,0
DA:6,0
DA:8,0
DA:12,0
DA:13,0
DA:14,0
DA:18,0
DA:20,0
DA:24,0
DA:25,0
DA:26,0
DA:27,0
DA:29,0
DA:33,0
DA:34,0
DA:35,0
DA:41,0
DA:43,0
DA:47,0
DA:48,0
DA:49,0
DA:54,0
DA:56,0
DA:60,0
DA:61,0
DA:62,0
DA:69,0
DA:71,0
DA:75,0
DA:76,0
DA:77,0
DA:83,0
DA:85,0
DA:89,0
DA:90,0
DA:91,0
DA:92,0
DA:94,0
DA:98,0
DA:99,0
DA:100,0
DA:101,0
DA:103,0
DA:107,0
LF:47
LH:0
BRF:0
BRH:0
end_of_record
TN:
SF:controllers\usuarios.js
FN:3,(anonymous_0)
FN:12,(anonymous_1)
FN:27,(anonymous_2)
FN:40,(anonymous_3)
FN:54,(anonymous_4)
FN:67,(anonymous_5)
FN:79,(anonymous_6)
FN:91,(anonymous_7)
FN:100,(anonymous_8)
FN:113,(anonymous_9)
FNF:10
FNH:0
FNDA:0,(anonymous_0)
FNDA:0,(anonymous_1)
FNDA:0,(anonymous_2)
FNDA:0,(anonymous_3)
FNDA:0,(anonymous_4)
FNDA:0,(anonymous_5)
FNDA:0,(anonymous_6)
FNDA:0,(anonymous_7)
FNDA:0,(anonymous_8)
FNDA:0,(anonymous_9)
DA:1,0
DA:3,0
DA:4,0
DA:5,0
DA:6,0
DA:8,0
DA:12,0
DA:13,0
DA:14,0
DA:21,0
DA:23,0
DA:27,0
DA:28,0
DA:29,0
DA:34,0
DA:36,0
DA:40,0
DA:41,0
DA:42,0
DA:48,0
DA:50,0
DA:54,0
DA:55,0
DA:56,0
DA:61,0
DA:63,0
DA:67,0
DA:68,0
DA:69,0
DA:73,0
DA:75,0
DA:79,0
DA:80,0
DA:81,0
DA:85,0
DA:87,0
DA:91,0
DA:92,0
DA:93,0
DA:94,0
DA:96,0
DA:100,0
DA:101,0
DA:102,0
DA:107,0
DA:109,0
DA:113,0
DA:114,0
DA:115,0
DA:122,0
DA:124,0
DA:128,0
LF:52
LH:0
BRF:0
BRH:0
end_of_record
TN:
SF:helpers\AppError.js
FN:2,(anonymous_0)
FNF:1
FNH:1
FNDA:52,(anonymous_0)
DA:3,52
DA:4,52
DA:5,52
DA:9,7
LF:4
LH:4
BRDA:2,0,0,37
BRDA:5,1,0,14
BRDA:5,1,1,38
BRF:3
BRH:3
end_of_record
TN:
SF:helpers\enviar-mails.js
FN:6,(anonymous_0)
FN:18,(anonymous_1)
FNF:2
FNH:2
FNDA:2,(anonymous_0)
FNDA:2,(anonymous_1)
DA:1,2
DA:2,2
DA:6,2
DA:7,2
DA:8,0
DA:11,2
DA:12,1
DA:15,2
DA:18,2
DA:19,2
DA:25,2
DA:26,2
DA:27,0
DA:30,2
DA:31,2
DA:38,2
DA:39,1
DA:40,1
DA:41,1
DA:42,1
DA:43,1
DA:46,1
DA:47,0
DA:50,1
DA:56,1
DA:65,1
DA:69,2
LF:27
LH:24
BRDA:7,0,0,0
BRDA:7,0,1,2
BRDA:11,1,0,1
BRDA:11,1,1,1
BRDA:26,2,0,0
BRDA:26,2,1,2
BRDA:38,3,0,1
BRDA:38,3,1,1
BRDA:39,4,0,1
BRDA:39,4,1,0
BRDA:40,5,0,1
BRDA:40,5,1,0
BRDA:46,6,0,0
BRDA:46,6,1,1
BRF:14
BRH:9
end_of_record
TN:
SF:helpers\generar-jwt.js
FN:8,(anonymous_0)
FN:9,(anonymous_1)
FN:18,(anonymous_2)
FN:38,(anonymous_3)
FN:39,(anonymous_4)
FN:48,(anonymous_5)
FNF:6
FNH:6
FNDA:4,(anonymous_0)
FNDA:4,(anonymous_1)
FNDA:4,(anonymous_2)
FNDA:4,(anonymous_3)
FNDA:4,(anonymous_4)
FNDA:4,(anonymous_5)
DA:1,2
DA:2,2
DA:8,2
DA:9,4
DA:10,4
DA:12,4
DA:19,4
DA:20,1
DA:25,1
DA:27,3
DA:38,2
DA:39,4
DA:40,4
DA:42,4
DA:49,4
DA:50,1
DA:55,1
DA:57,3
DA:64,2
LF:19
LH:19
BRDA:8,0,0,0
BRDA:19,1,0,1
BRDA:19,1,1,3
BRDA:38,2,0,0
BRDA:49,3,0,1
BRDA:49,3,1,3
BRF:6
BRH:4
end_of_record
TN:
SF:helpers\logger.js
FN:34,(anonymous_0)
FNF:1
FNH:0
FNDA:0,(anonymous_0)
DA:1,0
DA:4,0
DA:13,0
DA:21,0
DA:24,0
DA:31,0
DA:35,0
DA:36,0
DA:41,0
DA:66,0
DA:72,0
LF:11
LH:0
BRDA:35,0,0,0
BRDA:35,0,1,0
BRDA:36,1,0,0
BRDA:36,1,1,0
BRDA:67,2,0,0
BRDA:67,2,1,0
BRF:6
BRH:0
end_of_record
TN:
SF:helpers\normalizar-texto.js
FN:7,(anonymous_0)
FNF:1
FNH:1
FNDA:46,(anonymous_0)
DA:7,3
DA:8,46
DA:9,42
DA:12,3
LF:4
LH:4
BRDA:8,0,0,4
BRDA:8,0,1,42
BRF:2
BRH:2
end_of_record
TN:
SF:middlewares\error-handler.js
FN:7,(anonymous_0)
FN:21,(anonymous_1)
FN:77,(anonymous_2)
FNF:3
FNH:3
FNDA:12,(anonymous_0)
FNDA:2,(anonymous_1)
FNDA:1,(anonymous_2)
DA:1,1
DA:7,1
DA:9,12
DA:19,12
DA:20,1
DA:21,1
DA:22,2
DA:24,1
DA:32,11
DA:33,1
DA:34,1
DA:41,10
DA:42,1
DA:49,9
DA:50,1
DA:57,8
DA:58,1
DA:65,7
DA:66,7
DA:77,1
DA:78,1
DA:84,1
DA:90,1
LF:23
LH:23
BRDA:15,0,0,12
BRDA:15,0,1,12
BRDA:19,1,0,1
BRDA:19,1,1,11
BRDA:32,2,0,1
BRDA:32,2,1,10
BRDA:41,3,0,1
BRDA:41,3,1,9
BRDA:49,4,0,1
BRDA:49,4,1,8
BRDA:57,5,0,1
BRDA:57,5,1,7
BRDA:65,6,0,7
BRDA:65,6,1,3
BRDA:68,7,0,7
BRDA:68,7,1,1
BRDA:69,8,0,7
BRDA:69,8,1,1
BRDA:70,9,0,7
BRDA:70,9,1,1
BRF:20
BRH:20
end_of_record
TN:
SF:middlewares\validar-campos.js
FN:3,(anonymous_0)
FN:9,(anonymous_1)
FNF:2
FNH:2
FNDA:4,(anonymous_0)
FNDA:5,(anonymous_1)
DA:1,1
DA:3,1
DA:4,4
DA:5,4
DA:8,3
DA:9,3
DA:10,5
DA:12,3
DA:19,1
DA:22,1
LF:10
LH:10
BRDA:5,0,0,3
BRDA:5,0,1,1
BRDA:10,1,0,4
BRDA:10,1,1,1
BRF:4
BRH:4
end_of_record
TN:
SF:middlewares\validar-jwt.js
FN:6,(anonymous_0)
FNF:1
FNH:1
FNDA:5,(anonymous_0)
DA:1,1
DA:2,1
DA:3,1
DA:4,1
DA:6,1
DA:7,5
DA:9,5
DA:10,1
DA:13,4
DA:14,4
DA:16,3
DA:18,3
DA:19,1
DA:22,2
DA:23,1
DA:26,1
DA:27,1
DA:29,1
DA:34,1
DA:38,1
LF:20
LH:20
BRDA:9,0,0,1
BRDA:9,0,1,4
BRDA:18,1,0,1
BRDA:18,1,1,2
BRDA:22,2,0,1
BRDA:22,2,1,1
BRF:6
BRH:6
end_of_record
TN:
SF:middlewares\validar-roles.js
FN:3,(anonymous_0)
FN:23,(anonymous_1)
FN:24,(anonymous_2)
FNF:3
FNH:3
FNDA:3,(anonymous_0)
FNDA:3,(anonymous_1)
FNDA:3,(anonymous_2)
DA:1,1
DA:3,1
DA:4,3
DA:5,1
DA:11,2
DA:13,2
DA:14,1
DA:20,1
DA:23,1
DA:24,3
DA:25,3
DA:26,1
DA:32,2
DA:33,1
DA:39,1
DA:43,1
LF:16
LH:16
BRDA:3,0,0,0
BRDA:4,1,0,1
BRDA:4,1,1,2
BRDA:13,2,0,1
BRDA:13,2,1,1
BRDA:24,3,0,0
BRDA:25,4,0,1
BRDA:25,4,1,2
BRDA:32,5,0,1
BRDA:32,5,1,1
BRF:10
BRH:8
end_of_record
TN:
SF:service\auth.js
FN:10,(anonymous_0)
FN:58,(anonymous_1)
FN:92,(anonymous_2)
FN:121,(anonymous_3)
FN:148,(anonymous_4)
FN:171,(anonymous_5)
FN:184,(anonymous_6)
FN:192,(anonymous_7)
FN:201,(anonymous_8)
FNF:9
FNH:9
FNDA:8,(anonymous_0)
FNDA:5,(anonymous_1)
FNDA:3,(anonymous_2)
FNDA:7,(anonymous_3)
FNDA:2,(anonymous_4)
FNDA:1,(anonymous_5)
FNDA:2,(anonymous_6)
FNDA:2,(anonymous_7)
FNDA:3,(anonymous_8)
DA:1,1
DA:2,1
DA:3,1
DA:4,1
DA:5,1
DA:6,1
DA:7,1
DA:8,1
DA:10,1
DA:11,8
DA:13,8
DA:14,4
DA:15,4
DA:21,4
DA:22,4
DA:23,1
DA:24,1
DA:30,3
DA:35,3
DA:36,3
DA:42,3
DA:43,1
DA:46,3
DA:48,3
DA:55,3
DA:58,1
DA:59,5
DA:63,5
DA:65,5
DA:66,2
DA:67,2
DA:70,3
DA:71,3
DA:74,3
DA:83,2
DA:84,2
DA:85,2
DA:87,2
DA:89,2
DA:92,1
DA:93,3
DA:95,3
DA:96,1
DA:100,1
DA:105,2
DA:106,2
DA:107,2
DA:108,2
DA:109,2
DA:110,2
DA:112,2
DA:118,2
DA:121,1
DA:122,7
DA:123,1
DA:127,6
DA:128,6
DA:129,5
DA:130,4
DA:132,2
DA:133,2
DA:136,4
DA:137,4
DA:138,1
DA:141,3
DA:142,1
DA:143,1
DA:144,1
DA:145,1
DA:148,2
DA:150,2
DA:151,1
DA:152,1
DA:158,1
DA:159,1
DA:160,1
DA:166,1
DA:171,1
DA:172,1
DA:177,1
DA:179,1
DA:181,1
DA:184,1
DA:185,2
DA:187,2
DA:188,1
DA:191,1
DA:192,2
DA:193,1
DA:196,1
DA:198,1
DA:201,1
DA:202,3
DA:204,3
DA:205,1
DA:208,2
DA:209,2
DA:211,2
DA:213,2
DA:216,1
LF:100
LH:100
BRDA:13,0,0,4
BRDA:13,0,1,4
BRDA:13,1,0,8
BRDA:13,1,1,5
BRDA:22,2,0,1
BRDA:22,2,1,3
BRDA:35,3,0,3
BRDA:35,3,1,0
BRDA:38,4,0,3
BRDA:38,4,1,2
BRDA:42,5,0,1
BRDA:42,5,1,2
BRDA:65,6,0,2
BRDA:65,6,1,3
BRDA:95,7,0,1
BRDA:95,7,1,2
BRDA:122,8,0,1
BRDA:122,8,1,6
BRDA:129,9,0,1
BRDA:129,9,1,4
BRDA:137,10,0,1
BRDA:137,10,1,3
BRDA:141,11,0,1
BRDA:141,11,1,2
BRDA:150,12,0,1
BRDA:150,12,1,1
BRDA:151,13,0,1
BRDA:151,13,1,0
BRDA:156,14,0,0
BRDA:156,14,1,1
BRDA:174,15,0,1
BRDA:174,15,1,1
BRDA:187,16,0,1
BRDA:187,16,1,1
BRDA:191,17,0,1
BRDA:191,17,1,0
BRDA:204,18,0,1
BRDA:204,18,1,2
BRF:38
BRH:34
end_of_record
TN:
SF:service\comunidad.js
FN:6,(anonymous_0)
FN:11,(anonymous_1)
FN:21,(anonymous_2)
FN:46,(anonymous_3)
FN:73,(anonymous_4)
FNF:5
FNH:5
FNDA:1,(anonymous_0)
FNDA:2,(anonymous_1)
FNDA:2,(anonymous_2)
FNDA:2,(anonymous_3)
FNDA:2,(anonymous_4)
DA:1,1
DA:2,1
DA:3,1
DA:4,1
DA:6,1
DA:7,1
DA:8,1
DA:11,1
DA:12,2
DA:14,2
DA:15,1
DA:18,1
DA:21,1
DA:22,2
DA:24,2
DA:32,2
DA:33,2
DA:34,2
DA:36,2
DA:43,2
DA:46,1
DA:47,2
DA:49,2
DA:50,2
DA:51,2
DA:52,2
DA:53,2
DA:55,2
DA:60,2
DA:61,1
DA:64,1
DA:70,1
DA:73,1
DA:74,2
DA:76,2
DA:77,1
DA:80,1
DA:86,1
DA:89,1
LF:39
LH:39
BRDA:14,0,0,1
BRDA:14,0,1,1
BRDA:28,1,0,2
BRDA:28,1,1,0
BRDA:50,2,0,2
BRDA:50,2,1,0
BRDA:51,3,0,0
BRDA:51,3,1,2
BRDA:52,4,0,1
BRDA:52,4,1,1
BRDA:53,5,0,0
BRDA:53,5,1,2
BRDA:60,6,0,1
BRDA:60,6,1,1
BRDA:76,7,0,1
BRDA:76,7,1,1
BRF:16
BRH:12
end_of_record
TN:
SF:service\publicaciones.js
FN:6,(anonymous_0)
FN:23,(anonymous_1)
FN:63,(anonymous_2)
FN:79,(anonymous_3)
FN:96,(anonymous_4)
FN:143,(anonymous_5)
FN:159,(anonymous_6)
FN:196,(anonymous_7)
FN:227,(anonymous_8)
FN:253,(anonymous_9)
FN:269,(anonymous_10)
FNF:11
FNH:8
FNDA:0,(anonymous_0)
FNDA:4,(anonymous_1)
FNDA:3,(anonymous_2)
FNDA:2,(anonymous_3)
FNDA:3,(anonymous_4)
FNDA:4,(anonymous_5)
FNDA:4,(anonymous_6)
FNDA:0,(anonymous_7)
FNDA:2,(anonymous_8)
FNDA:2,(anonymous_9)
FNDA:0,(anonymous_10)
DA:1,1
DA:2,1
DA:3,1
DA:4,1
DA:6,1
DA:8,1
DA:17,1
DA:23,1
DA:24,4
DA:25,4
DA:26,4
DA:28,4
DA:30,4
DA:32,4
DA:33,1
DA:34,1
DA:37,4
DA:38,0
DA:39,0
DA:43,0
DA:44,0
DA:45,0
DA:49,4
DA:60,4
DA:63,1
DA:64,3
DA:66,3
DA:67,1
DA:70,2
DA:76,2
DA:79,1
DA:80,2
DA:89,2
DA:90,1
DA:93,1
DA:96,1
DA:97,3
DA:99,3
DA:100,3
DA:117,3
DA:118,3
DA:119,3
DA:120,3
DA:123,3
DA:124,0
DA:125,0
DA:126,0
DA:129,3
DA:130,3
DA:131,3
DA:133,3
DA:140,3
DA:143,1
DA:144,4
DA:145,4
DA:147,4
DA:148,1
DA:151,3
DA:155,1
DA:158,2
DA:159,2
DA:160,4
DA:161,0
DA:162,4
DA:163,0
DA:164,4
DA:165,4
DA:167,0
DA:171,2
DA:172,2
DA:173,0
DA:174,0
DA:175,0
DA:176,2
DA:177,2
DA:178,2
DA:179,2
DA:180,2
DA:183,2
DA:184,2
DA:186,2
DA:193,2
DA:196,1
DA:197,0
DA:199,0
DA:200,0
DA:203,0
DA:207,0
DA:210,0
DA:217,0
DA:224,0
DA:227,1
DA:228,2
DA:230,2
DA:231,1
DA:234,1
DA:238,1
DA:241,0
DA:243,0
DA:250,0
DA:253,1
DA:254,2
DA:262,2
DA:263,1
DA:266,1
DA:269,1
DA:270,0
DA:271,0
DA:272,0
DA:274,0
DA:275,0
DA:277,0
DA:288,0
DA:291,1
LF:114
LH:82
BRDA:23,0,0,4
BRDA:23,1,0,3
BRDA:24,2,0,4
BRDA:24,2,1,0
BRDA:25,3,0,4
BRDA:25,3,1,0
BRDA:30,4,0,1
BRDA:30,4,1,3
BRDA:32,5,0,1
BRDA:32,5,1,3
BRDA:34,6,0,0
BRDA:34,6,1,1
BRDA:37,7,0,0
BRDA:37,7,1,4
BRDA:43,8,0,0
BRDA:43,8,1,0
BRDA:43,9,0,0
BRDA:43,9,1,0
BRDA:64,10,0,3
BRDA:64,10,1,2
BRDA:66,11,0,1
BRDA:66,11,1,2
BRDA:89,12,0,1
BRDA:89,12,1,1
BRDA:102,13,0,0
BRDA:102,13,1,3
BRDA:108,14,0,0
BRDA:108,14,1,3
BRDA:109,15,0,0
BRDA:109,15,1,3
BRDA:112,16,0,3
BRDA:112,16,1,0
BRDA:117,17,0,3
BRDA:117,17,1,0
BRDA:117,18,0,3
BRDA:117,18,1,0
BRDA:123,19,0,0
BRDA:123,19,1,3
BRDA:147,20,0,1
BRDA:147,20,1,3
BRDA:151,21,0,1
BRDA:151,21,1,2
BRDA:152,22,0,3
BRDA:152,22,1,1
BRDA:160,23,0,0
BRDA:160,23,1,4
BRDA:162,24,0,0
BRDA:162,24,1,4
BRDA:162,25,0,4
BRDA:162,25,1,0
BRDA:164,26,0,4
BRDA:164,26,1,0
BRDA:164,27,0,4
BRDA:164,27,1,4
BRDA:172,28,0,0
BRDA:172,28,1,2
BRDA:176,29,0,2
BRDA:176,29,1,0
BRDA:176,30,0,2
BRDA:176,30,1,0
BRDA:199,31,0,0
BRDA:199,31,1,0
BRDA:203,32,0,0
BRDA:203,32,1,0
BRDA:204,33,0,0
BRDA:204,33,1,0
BRDA:230,34,0,1
BRDA:230,34,1,1
BRDA:234,35,0,1
BRDA:234,35,1,0
BRDA:235,36,0,1
BRDA:235,36,1,1
BRDA:262,37,0,1
BRDA:262,37,1,1
BRDA:269,38,0,0
BRDA:269,39,0,0
BRDA:270,40,0,0
BRDA:270,40,1,0
BRDA:271,41,0,0
BRDA:271,41,1,0
BRDA:275,42,0,0
BRDA:275,42,1,0
BRF:82
BRH:45
end_of_record
TN:
SF:service\usuarios.js
FN:6,(anonymous_0)
FN:7,(anonymous_1)
FN:8,(anonymous_2)
FN:9,(anonymous_3)
FN:11,(anonymous_4)
FN:19,(anonymous_5)
FN:21,(anonymous_6)
FN:25,(anonymous_7)
FN:26,(anonymous_8)
FN:48,(anonymous_9)
FN:61,(anonymous_10)
FN:83,(anonymous_11)
FN:118,(anonymous_12)
FN:146,(anonymous_13)
FN:188,(anonymous_14)
FN:204,(anonymous_15)
FN:218,(anonymous_16)
FN:228,(anonymous_17)
FN:350,(anonymous_18)
FNF:19
FNH:16
FNDA:4,(anonymous_0)
FNDA:2,(anonymous_1)
FNDA:2,(anonymous_2)
FNDA:1,(anonymous_3)
FNDA:2,(anonymous_4)
FNDA:2,(anonymous_5)
FNDA:2,(anonymous_6)
FNDA:0,(anonymous_7)
FNDA:2,(anonymous_8)
FNDA:2,(anonymous_9)
FNDA:2,(anonymous_10)
FNDA:3,(anonymous_11)
FNDA:3,(anonymous_12)
FNDA:2,(anonymous_13)
FNDA:0,(anonymous_14)
FNDA:0,(anonymous_15)
FNDA:1,(anonymous_16)
FNDA:5,(anonymous_17)
FNDA:2,(anonymous_18)
DA:1,1
DA:2,1
DA:3,1
DA:4,1
DA:6,4
DA:7,2
DA:8,2
DA:9,1
DA:11,1
DA:12,2
DA:13,2
DA:14,2
DA:15,2
DA:16,0
DA:19,2
DA:21,1
DA:22,2
DA:23,2
DA:25,0
DA:26,2
DA:33,2
DA:48,1
DA:49,2
DA:50,2
DA:51,2
DA:53,2
DA:58,2
DA:61,1
DA:62,2
DA:70,2
DA:71,2
DA:72,2
DA:74,2
DA:80,2
DA:83,1
DA:84,3
DA:85,1
DA:88,2
DA:90,2
DA:91,1
DA:96,1
DA:97,0
DA:98,0
DA:101,1
DA:102,1
DA:103,1
DA:105,1
DA:111,1
DA:112,1
DA:115,0
DA:118,1
DA:119,3
DA:121,3
DA:122,1
DA:125,2
DA:126,1
DA:129,1
DA:130,1
DA:131,1
DA:133,1
DA:135,1
DA:143,1
DA:146,1
DA:147,2
DA:148,1
DA:151,1
DA:152,1
DA:158,1
DA:165,1
DA:168,0
DA:174,0
DA:175,0
DA:178,0
DA:185,0
DA:188,1
DA:189,0
DA:190,0
DA:193,0
DA:197,0
DA:198,0
DA:201,0
DA:204,1
DA:205,0
DA:206,0
DA:209,0
DA:211,0
DA:212,0
DA:215,0
DA:218,1
DA:219,1
DA:221,1
DA:222,0
DA:225,1
DA:228,1
DA:241,5
DA:243,5
DA:244,1
DA:249,4
DA:250,4
DA:251,0
DA:258,4
DA:266,1
DA:271,3
DA:273,3
DA:274,1
DA:275,1
DA:276,0
DA:278,1
DA:279,0
DA:283,1
DA:284,0
DA:288,1
DA:289,0
DA:293,1
DA:296,3
DA:297,1
DA:298,1
DA:299,0
DA:303,1
DA:304,1
DA:308,0
DA:311,2
DA:312,2
DA:313,2
DA:314,0
DA:318,2
DA:319,1
DA:323,1
DA:326,1
DA:327,0
DA:332,1
DA:337,1
DA:338,0
DA:341,1
DA:347,1
DA:350,1
DA:351,2
DA:353,2
DA:354,0
DA:357,2
DA:358,2
DA:359,1
DA:360,1
DA:365,1
DA:366,0
DA:371,1
DA:372,1
DA:373,1
DA:374,1
DA:375,1
DA:377,1
DA:384,1
DA:389,1
LF:153
LH:118
BRDA:11,0,0,0
BRDA:12,1,0,0
BRDA:12,1,1,2
BRDA:13,2,0,0
BRDA:13,2,1,2
BRDA:15,3,0,2
BRDA:15,3,1,0
BRDA:19,4,0,0
BRDA:23,5,0,2
BRDA:23,5,1,0
BRDA:25,6,0,0
BRDA:25,6,1,0
BRDA:25,7,0,0
BRDA:25,7,1,0
BRDA:27,8,0,2
BRDA:27,8,1,0
BRDA:30,9,0,2
BRDA:30,9,1,1
BRDA:38,10,0,2
BRDA:38,10,1,0
BRDA:48,11,0,0
BRDA:48,12,0,0
BRDA:48,13,0,0
BRDA:49,14,0,2
BRDA:49,14,1,0
BRDA:50,15,0,2
BRDA:50,15,1,0
BRDA:84,16,0,1
BRDA:84,16,1,2
BRDA:84,17,0,3
BRDA:84,17,1,1
BRDA:90,18,0,1
BRDA:90,18,1,1
BRDA:96,19,0,0
BRDA:96,19,1,1
BRDA:101,20,0,1
BRDA:101,20,1,0
BRDA:102,21,0,0
BRDA:102,21,1,1
BRDA:103,22,0,0
BRDA:103,22,1,1
BRDA:111,23,0,1
BRDA:111,23,1,0
BRDA:121,24,0,1
BRDA:121,24,1,2
BRDA:125,25,0,1
BRDA:125,25,1,1
BRDA:130,26,0,1
BRDA:130,26,1,0
BRDA:147,27,0,1
BRDA:147,27,1,1
BRDA:147,28,0,2
BRDA:147,28,1,2
BRDA:151,29,0,1
BRDA:151,29,1,0
BRDA:174,30,0,0
BRDA:174,30,1,0
BRDA:189,31,0,0
BRDA:189,31,1,0
BRDA:189,32,0,0
BRDA:189,32,1,0
BRDA:197,33,0,0
BRDA:197,33,1,0
BRDA:205,34,0,0
BRDA:205,34,1,0
BRDA:205,35,0,0
BRDA:205,35,1,0
BRDA:211,36,0,0
BRDA:211,36,1,0
BRDA:221,37,0,0
BRDA:221,37,1,1
BRDA:243,38,0,1
BRDA:243,38,1,4
BRDA:250,39,0,0
BRDA:250,39,1,4
BRDA:258,40,0,1
BRDA:258,40,1,3
BRDA:259,41,0,4
BRDA:259,41,1,3
BRDA:259,41,2,3
BRDA:259,41,3,3
BRDA:259,41,4,3
BRDA:259,41,5,3
BRDA:273,42,0,1
BRDA:273,42,1,2
BRDA:275,43,0,0
BRDA:275,43,1,1
BRDA:278,44,0,0
BRDA:278,44,1,1
BRDA:283,45,0,0
BRDA:283,45,1,1
BRDA:288,46,0,0
BRDA:288,46,1,1
BRDA:296,47,0,1
BRDA:296,47,1,2
BRDA:298,48,0,0
BRDA:298,48,1,1
BRDA:303,49,0,1
BRDA:303,49,1,0
BRDA:311,50,0,2
BRDA:311,50,1,0
BRDA:313,51,0,0
BRDA:313,51,1,2
BRDA:318,52,0,1
BRDA:318,52,1,1
BRDA:326,53,0,0
BRDA:326,53,1,1
BRDA:337,54,0,0
BRDA:337,54,1,1
BRDA:353,55,0,0
BRDA:353,55,1,2
BRDA:358,56,0,1
BRDA:358,56,1,1
BRDA:365,57,0,0
BRDA:365,57,1,1
BRF:115
BRH:63
end_of_record
